<?xml version="1.0" encoding="UTF-8" standalone="yes"?>
<testsuites name="TestSuitePartOne" time="8" tests="1" failures="0" errors="0">
    <testsuite name="TestSuitePartOne" tests="1" failures="0" errors="0" time="8" timestamp="2019-08-03 18:17:51" hostname="Hamza - DESKTOP-JRBJHUE" id="Test Suites/TestSuitePartOne">
        <properties>
            <property name="deviceName" value=""/>
            <property name="devicePlatform" value=""/>
            <property name="logFolder" value="C:\\Users\\Hamza\\Katalon Studio\\ReviewPartOneApiTesting\\Reports\\TestSuitePartOne\\20190803_181742"/>
            <property name="logFiles" value="C:\\Users\\Hamza\\Katalon Studio\\ReviewPartOneApiTesting\\Reports\\TestSuitePartOne\\20190803_181742\\execution0.log"/>
            <property name="attachments" value=""/>
            <property name="hostName" value="Hamza - DESKTOP-JRBJHUE"/>
            <property name="hostAddress" value="192.168.1.3"/>
            <property name="os" value="Windows 10 64bit"/>
            <property name="katalonVersion" value="6.2.0.1"/>
        </properties>
        <testcase name="Test Cases/SoapTestCase" classname="Test Cases/SoapTestCase" status="PASSED">
            <system-out>2019-08-03 18:17:52 - [TEST_CASE][PASSED] - Test Cases/SoapTestCase: Test Cases/SoapTestCase&#xD;
&#xD;
2019-08-03 18:17:52 - [TEST_STEP][PASSED] - response = sendRequest(findTestObject("PartOne/1-Request - Add")): Send request successfully&#xD;
&#xD;
2019-08-03 18:17:56 - [MESSAGE][INFO] - HAR: C:\Users\Hamza\Katalon Studio\ReviewPartOneApiTesting\Reports\TestSuitePartOne\20190803_181742\requests\main\0.har&#xD;
&#xD;
2019-08-03 18:17:56 - [MESSAGE][PASSED] - Send request successfully&#xD;
&#xD;
2019-08-03 18:17:56 - [TEST_STEP][PASSED] - println(verifyElementPropertyValue(response, "AddResponse.AddResult", "320")): Verify element property value successfully&#xD;
&#xD;
2019-08-03 18:17:57 - [MESSAGE][PASSED] - Verify element property value successfully&#xD;
&#xD;
2019-08-03 18:17:57 - [TEST_STEP][PASSED] - responseTwo = sendRequest(findTestObject("PartOne/2-Request-Divide")): Send request successfully&#xD;
&#xD;
2019-08-03 18:17:57 - [MESSAGE][INFO] - HAR: C:\Users\Hamza\Katalon Studio\ReviewPartOneApiTesting\Reports\TestSuitePartOne\20190803_181742\requests\main\1.har&#xD;
&#xD;
2019-08-03 18:17:57 - [MESSAGE][PASSED] - Send request successfully&#xD;
&#xD;
2019-08-03 18:17:57 - [TEST_STEP][PASSED] - println(verifyElementPropertyValue(responseTwo, "DivideResponse.DivideResult", "10")): Verify element property value successfully&#xD;
&#xD;
2019-08-03 18:17:57 - [MESSAGE][PASSED] - Verify element property value successfully&#xD;
&#xD;
2019-08-03 18:17:57 - [TEST_STEP][PASSED] - responseThree = sendRequest(findTestObject("PartOne/3-Request-multiply")): Send request successfully&#xD;
&#xD;
2019-08-03 18:17:58 - [MESSAGE][INFO] - HAR: C:\Users\Hamza\Katalon Studio\ReviewPartOneApiTesting\Reports\TestSuitePartOne\20190803_181742\requests\main\2.har&#xD;
&#xD;
2019-08-03 18:17:58 - [MESSAGE][PASSED] - Send request successfully&#xD;
&#xD;
2019-08-03 18:17:58 - [TEST_STEP][PASSED] - println(verifyElementPropertyValue(responseThree, "MultiplyResponse.MultiplyResult", "10")): Verify element property value successfully&#xD;
&#xD;
2019-08-03 18:17:58 - [MESSAGE][PASSED] - Verify element property value successfully&#xD;
&#xD;
2019-08-03 18:17:58 - [TEST_STEP][PASSED] - responseFour = sendRequest(findTestObject("PartOne/3-Request-Substract")): Send request successfully&#xD;
&#xD;
2019-08-03 18:17:59 - [MESSAGE][INFO] - HAR: C:\Users\Hamza\Katalon Studio\ReviewPartOneApiTesting\Reports\TestSuitePartOne\20190803_181742\requests\main\3.har&#xD;
&#xD;
2019-08-03 18:17:59 - [MESSAGE][PASSED] - Send request successfully&#xD;
&#xD;
2019-08-03 18:17:59 - [TEST_STEP][PASSED] - verifyElementPropertyValue(responseFour, "SubtractResponse.SubtractResult", "10"): Verify element property value successfully&#xD;
&#xD;
2019-08-03 18:17:59 - [MESSAGE][PASSED] - Verify element property value successfully&#xD;
&#xD;
2019-08-03 18:17:59 - [TEST_STEP][PASSED] - println(verifyElementText(responseFour, "SubtractResponse.SubtractResult", "10")): Verify element text successfully&#xD;
&#xD;
2019-08-03 18:17:59 - [MESSAGE][PASSED] - Verify element text successfully</system-out>
            <system-err></system-err>
        </testcase>
        <system-out>2019-08-03 18:17:51 - [TEST_SUITE][INCOMPLETE] - TestSuitePartOne: null</system-out>
        <system-err>2019-08-03 18:17:51 - [TEST_SUITE][INCOMPLETE] - TestSuitePartOne: null</system-err>
    </testsuite>
</testsuites>
